App 1895473 output: mesg: ttyname failed: 
App 1895473 output: Inappropriate ioctl for device
App 2048258 output: mesg: ttyname failed: 
App 2048258 output: Inappropriate ioctl for device
App 2052384 output: mesg: ttyname failed: Inappropriate ioctl for device
App 2055583 output: mesg: ttyname failed: 
App 2055583 output: Inappropriate ioctl for device
App 2683847 output: mesg: 
App 2683847 output: ttyname failed: Inappropriate ioctl for device
App 3339358 output: mesg: ttyname failed: 
App 3339358 output: Inappropriate ioctl for device
App 3734146 output: mesg: ttyname failed: Inappropriate ioctl for device
App 3823328 output: mesg: ttyname failed: 
App 3823328 output: Inappropriate ioctl for device
App 178435 output: mesg: ttyname failed: Inappropriate ioctl for device
App 194838 output: mesg: ttyname failed: 
App 194838 output: Inappropriate ioctl for device
App 311669 output: mesg: ttyname failed: 
App 311669 output: Inappropriate ioctl for device
App 311834 output: mesg: ttyname failed: Inappropriate ioctl for device
App 313321 output: mesg: ttyname failed: 
App 313321 output: Inappropriate ioctl for device
App 317089 output: mesg: ttyname failed: Inappropriate ioctl for device
App 971037 output: mesg: ttyname failed: Inappropriate ioctl for device
App 1100461 output: mesg: ttyname failed: 
App 1100461 output: Inappropriate ioctl for device
App 1172953 output: mesg: ttyname failed: Inappropriate ioctl for device
App 1408470 output: mesg: ttyname failed: Inappropriate ioctl for device
App 1521747 output: mesg: ttyname failed: 
App 1521747 output: Inappropriate ioctl for device
App 1802081 output: mesg: ttyname failed: 
App 1802081 output: Inappropriate ioctl for device
App 2119158 output: mesg: ttyname failed: 
App 2119158 output: Inappropriate ioctl for device
App 2965908 output: mesg: ttyname failed: 
App 2965908 output: Inappropriate ioctl for device
App 3708362 output: mesg: ttyname failed: Inappropriate ioctl for device
App 3928898 output: mesg: ttyname failed: Inappropriate ioctl for device
App 4105379 output: mesg: ttyname failed: 
App 4105379 output: Inappropriate ioctl for device
App 4185352 output: mesg: ttyname failed: Inappropriate ioctl for device
App 505770 output: mesg: ttyname failed: 
App 505770 output: Inappropriate ioctl for device
App 1211881 output: mesg: ttyname failed: Inappropriate ioctl for device
App 1372311 output: mesg: ttyname failed: Inappropriate ioctl for device
App 2806452 output: mesg: ttyname failed: Inappropriate ioctl for device
App 2976343 output: mesg: ttyname failed: Inappropriate ioctl for device
App 3550476 output: mesg: ttyname failed: 
App 3550476 output: Inappropriate ioctl for device
App 750052 output: mesg: ttyname failed: 
App 750052 output: Inappropriate ioctl for device
App 4138866 output: mesg: ttyname failed: 
App 4138866 output: Inappropriate ioctl for device
App 230863 output: mesg: ttyname failed: 
App 230863 output: Inappropriate ioctl for device
App 1322100 output: mesg: ttyname failed: 
App 1322100 output: Inappropriate ioctl for device
App 1807106 output: mesg: ttyname failed: Inappropriate ioctl for device
App 3713636 output: mesg: ttyname failed: Inappropriate ioctl for device
App 3939690 output: mesg: ttyname failed
App 3939690 output: : Inappropriate ioctl for device
App 859947 output: mesg: ttyname failed: 
App 859947 output: Inappropriate ioctl for device
App 1852630 output: mesg: ttyname failed: Inappropriate ioctl for device
App 1972613 output: mesg: ttyname failed: 
App 1972613 output: Inappropriate ioctl for device
App 2455783 output: mesg: ttyname failed: Inappropriate ioctl for device
App 2830904 output: mesg: ttyname failed: Inappropriate ioctl for device
App 2831277 output: mesg: ttyname failed: Inappropriate ioctl for device
App 2921954 output: mesg: ttyname failed: Inappropriate ioctl for device
App 2922079 output: mesg: ttyname failed: 
App 2922079 output: Inappropriate ioctl for device
App 3105562 output: mesg: ttyname failed: Inappropriate ioctl for device
App 3106048 output: mesg: ttyname failed: 
App 3106048 output: Inappropriate ioctl for device
App 3236955 output: mesg: ttyname failed: 
App 3236955 output: Inappropriate ioctl for device
App 3361015 output: mesg: ttyname failed: Inappropriate ioctl for device
App 3418116 output: mesg: ttyname failed: 
App 3418116 output: Inappropriate ioctl for device
App 3418241 output: mesg: ttyname failed: 
App 3418241 output: Inappropriate ioctl for device
App 3744707 output: mesg: ttyname failed: 
App 3744707 output: Inappropriate ioctl for device
App 149005 output: mesg: ttyname failed: Inappropriate ioctl for device
App 219784 output: mesg: ttyname failed: Inappropriate ioctl for device
App 577752 output: mesg: ttyname failed: Inappropriate ioctl for device
App 704156 output: mesg: ttyname failed: 
App 704156 output: Inappropriate ioctl for device
App 1118745 output: mesg: ttyname failed: Inappropriate ioctl for device
App 1300118 output: mesg: ttyname failed: 
App 1300118 output: Inappropriate ioctl for device
App 1444340 output: mesg: ttyname failed
App 1444340 output: : Inappropriate ioctl for device
App 1887029 output: mesg: ttyname failed: Inappropriate ioctl for device
App 1993175 output: mesg: ttyname failed: Inappropriate ioctl for device
App 2342850 output: mesg: ttyname failed: Inappropriate ioctl for device
App 2495529 output: mesg: ttyname failed: 
App 2495529 output: Inappropriate ioctl for device
App 2824349 output: mesg: ttyname failed: 
App 2824349 output: Inappropriate ioctl for device
App 2917089 output: mesg: ttyname failed: Inappropriate ioctl for device
App 3110275 output: mesg: ttyname failed: Inappropriate ioctl for device
App 3207811 output: mesg: ttyname failed: Inappropriate ioctl for device
App 3367181 output: mesg: ttyname failed: Inappropriate ioctl for device
App 3696856 output: mesg: ttyname failed: 
App 3696856 output: Inappropriate ioctl for device
App 4147737 output: mesg: ttyname failed: 
App 4147737 output: Inappropriate ioctl for device
App 44475 output: mesg: ttyname failed: Inappropriate ioctl for device
App 185036 output: mesg: ttyname failed: 
App 185036 output: Inappropriate ioctl for device
App 528893 output: mesg: 
App 528893 output: ttyname failed: Inappropriate ioctl for device
App 770472 output: mesg: ttyname failed: Inappropriate ioctl for device
App 1004702 output: mesg: ttyname failed: Inappropriate ioctl for device
App 1069747 output: mesg: ttyname failed: 
App 1069747 output: Inappropriate ioctl for device
App 1141249 output: mesg: ttyname failed: Inappropriate ioctl for device
App 1144076 output: mesg: ttyname failed: Inappropriate ioctl for device
App 1150702 output: mesg: ttyname failed: 
App 1150702 output: Inappropriate ioctl for device
App 1365928 output: mesg: ttyname failed: Inappropriate ioctl for device
App 221692 output: mesg: ttyname failed: 
App 221692 output: Inappropriate ioctl for device
App 1397174 output: mesg: ttyname failed: Inappropriate ioctl for device
App 3399814 output: mesg: ttyname failed: 
App 3399814 output: Inappropriate ioctl for device
App 3581213 output: mesg: ttyname failed: Inappropriate ioctl for device
App 286652 output: mesg: ttyname failed: Inappropriate ioctl for device
App 1022748 output: mesg: ttyname failed: Inappropriate ioctl for device
App 1704395 output: mesg: ttyname failed: Inappropriate ioctl for device
App 1851967 output: mesg: ttyname failed: 
App 1851967 output: Inappropriate ioctl for device
App 2586440 output: mesg: ttyname failed: Inappropriate ioctl for device
App 3911298 output: mesg: ttyname failed
App 3911298 output: : Inappropriate ioctl for device
App 2149933 output: mesg: ttyname failed: Inappropriate ioctl for device
App 2801464 output: mesg: ttyname failed: 
App 2801464 output: Inappropriate ioctl for device
App 2926169 output: mesg: ttyname failed: 
App 2926169 output: Inappropriate ioctl for device
App 3078905 output: mesg: ttyname failed: 
App 3078905 output: Inappropriate ioctl for device
App 3400983 output: mesg: ttyname failed: Inappropriate ioctl for device
App 3726315 output: mesg: ttyname failed: 
App 3726315 output: Inappropriate ioctl for device
App 3956016 output: mesg: ttyname failed: 
App 3956016 output: Inappropriate ioctl for device
App 4095364 output: mesg: ttyname failed: 
App 4095364 output: Inappropriate ioctl for device
App 306624 output: mesg: ttyname failed: Inappropriate ioctl for device
App 420320 output: mesg: ttyname failed: Inappropriate ioctl for device
App 888155 output: mesg: ttyname failed: Inappropriate ioctl for device
App 1499066 output: mesg: ttyname failed: 
App 1499066 output: Inappropriate ioctl for device
App 1761451 output: mesg: ttyname failed
App 1761451 output: : Inappropriate ioctl for device
App 2161412 output: mesg: ttyname failed: Inappropriate ioctl for device
App 2324297 output: mesg: ttyname failed: Inappropriate ioctl for device
App 2455095 output: mesg: ttyname failed: Inappropriate ioctl for device
App 2849230 output: mesg: ttyname failed: Inappropriate ioctl for device
App 3130162 output: mesg: ttyname failed: 
App 3130162 output: Inappropriate ioctl for device
App 3310793 output: mesg: ttyname failed: 
App 3310793 output: Inappropriate ioctl for device
App 3434483 output: mesg: ttyname failed: 
App 3434483 output: Inappropriate ioctl for device
App 3491643 output: mesg: ttyname failed: Inappropriate ioctl for device
App 13598 output: mesg: ttyname failed: Inappropriate ioctl for device
App 139272 output: mesg: ttyname failed: Inappropriate ioctl for device
App 357001 output: mesg: ttyname failed
App 357001 output: : Inappropriate ioctl for device
App 831940 output: mesg: ttyname failed: 
App 831940 output: Inappropriate ioctl for device
App 1619060 output: mesg: ttyname failed: Inappropriate ioctl for device
App 2703769 output: mesg: ttyname failed: 
App 2703769 output: Inappropriate ioctl for device
App 2912194 output: mesg: ttyname failed: Inappropriate ioctl for device
App 3133716 output: mesg: ttyname failed: Inappropriate ioctl for device
App 569851 output: mesg: ttyname failed: 
App 569851 output: Inappropriate ioctl for device
App 745685 output: mesg: ttyname failed: 
App 745685 output: Inappropriate ioctl for device
App 745911 output: mesg: ttyname failed: Inappropriate ioctl for device
App 746457 output: mesg: ttyname failed: Inappropriate ioctl for device
App 747011 output: mesg: ttyname failed: 
App 747011 output: Inappropriate ioctl for device
App 981944 output: mesg: ttyname failed: Inappropriate ioctl for device
App 1168191 output: mesg: ttyname failed: 
App 1168191 output: Inappropriate ioctl for device
App 1627494 output: mesg: ttyname failed: Inappropriate ioctl for device
App 3023126 output: mesg: ttyname failed: 
App 3023126 output: Inappropriate ioctl for device
App 3472816 output: mesg: ttyname failed: Inappropriate ioctl for device
App 3706090 output: mesg: ttyname failed: Inappropriate ioctl for device
App 38094 output: mesg: ttyname failed: Inappropriate ioctl for device
App 209680 output: mesg: ttyname failed: Inappropriate ioctl for device
App 853464 output: mesg: ttyname failed: Inappropriate ioctl for device
App 1550182 output: mesg: ttyname failed: 
App 1550182 output: Inappropriate ioctl for device
App 1780075 output: mesg: ttyname failed: Inappropriate ioctl for device
App 1870246 output: mesg: ttyname failed: Inappropriate ioctl for device
App 2075216 output: mesg: ttyname failed: Inappropriate ioctl for device
App 2147341 output: mesg: ttyname failed: Inappropriate ioctl for device
App 2205900 output: mesg: ttyname failed: 
App 2205900 output: Inappropriate ioctl for device
App 2321786 output: mesg: ttyname failed: Inappropriate ioctl for device
App 2507098 output: mesg: ttyname failed: Inappropriate ioctl for device
App 2612176 output: mesg: ttyname failed: 
App 2612176 output: Inappropriate ioctl for device
App 2707828 output: mesg: ttyname failed: Inappropriate ioctl for device
App 2893921 output: mesg: ttyname failed: 
App 2893921 output: Inappropriate ioctl for device
App 2996498 output: mesg: ttyname failed: Inappropriate ioctl for device
App 3068482 output: mesg: ttyname failed: 
App 3068482 output: Inappropriate ioctl for device
App 3161828 output: mesg: ttyname failed: Inappropriate ioctl for device
App 3249271 output: mesg: ttyname failed: Inappropriate ioctl for device
App 3347199 output: mesg: ttyname failed: Inappropriate ioctl for device
App 3549337 output: mesg: ttyname failed: Inappropriate ioctl for device
App 381438 output: mesg: ttyname failed: Inappropriate ioctl for device
App 1008149 output: mesg: ttyname failed: 
App 1008149 output: Inappropriate ioctl for device
App 1620932 output: mesg: ttyname failed: Inappropriate ioctl for device
App 394113 output: mesg: ttyname failed: 
App 394113 output: Inappropriate ioctl for device
App 2860564 output: mesg: ttyname failed: Inappropriate ioctl for device
App 127813 output: mesg: ttyname failed: Inappropriate ioctl for device
App 858035 output: mesg: ttyname failed: Inappropriate ioctl for device
App 1477895 output: mesg: ttyname failed: Inappropriate ioctl for device
App 1593936 output: mesg: ttyname failed: 
App 1593936 output: Inappropriate ioctl for device
App 2334757 output: mesg: ttyname failed: Inappropriate ioctl for device
App 2997188 output: mesg: ttyname failed: 
App 2997188 output: Inappropriate ioctl for device
App 3309397 output: mesg: ttyname failed: Inappropriate ioctl for device
App 3349802 output: mesg: ttyname failed: 
App 3349802 output: Inappropriate ioctl for device
App 1208254 output: mesg: ttyname failed: Inappropriate ioctl for device
App 1563939 output: mesg: ttyname failed: Inappropriate ioctl for device
App 2035004 output: mesg: ttyname failed: Inappropriate ioctl for device
App 589359 output: mesg: ttyname failed: 
App 589359 output: Inappropriate ioctl for device
App 2370706 output: mesg: ttyname failed: Inappropriate ioctl for device
App 2739178 output: mesg: ttyname failed: Inappropriate ioctl for device
App 523661 output: mesg: ttyname failed: Inappropriate ioctl for device
App 916390 output: mesg: ttyname failed: 
App 916390 output: Inappropriate ioctl for device
App 1467800 output: mesg: ttyname failed: 
App 1467800 output: Inappropriate ioctl for device
App 1753184 output: mesg: ttyname failed: Inappropriate ioctl for device
App 2394024 output: mesg: ttyname failed: 
App 2394024 output: Inappropriate ioctl for device
App 2440513 output: mesg: ttyname failed: Inappropriate ioctl for device
App 2574572 output: mesg: ttyname failed: 
App 2574572 output: Inappropriate ioctl for device
App 2574759 output: mesg: ttyname failed: 
App 2574759 output: Inappropriate ioctl for device
App 2586508 output: mesg: ttyname failed: 
App 2586508 output: Inappropriate ioctl for device
App 2599957 output: mesg: ttyname failed: Inappropriate ioctl for device
App 2623947 output: mesg: ttyname failed: 
App 2623947 output: Inappropriate ioctl for device
App 2721498 output: mesg: ttyname failed: Inappropriate ioctl for device
App 2721622 output: mesg: ttyname failed: 
App 2721622 output: Inappropriate ioctl for device
App 2722346 output: mesg: ttyname failed: 
App 2722346 output: Inappropriate ioctl for device
App 2802540 output: mesg: ttyname failed: Inappropriate ioctl for device
App 2826953 output: mesg: ttyname failed: 
App 2826953 output: Inappropriate ioctl for device
App 2828065 output: mesg: ttyname failed: Inappropriate ioctl for device
App 2829716 output: mesg: ttyname failed: 
App 2829716 output: Inappropriate ioctl for device
App 2829915 output: mesg: ttyname failed: 
App 2829915 output: Inappropriate ioctl for device
App 2868462 output: mesg: ttyname failed: 
App 2868462 output: Inappropriate ioctl for device
App 2904574 output: mesg: ttyname failed: 
App 2904574 output: Inappropriate ioctl for device
App 2904989 output: mesg: ttyname failed: Inappropriate ioctl for device
App 2911814 output: mesg: ttyname failed: Inappropriate ioctl for device
App 2927962 output: mesg: ttyname failed: Inappropriate ioctl for device
App 2936239 output: mesg: ttyname failed: Inappropriate ioctl for device
App 2949173 output: mesg: ttyname failed: 
App 2949173 output: Inappropriate ioctl for device
App 3004222 output: mesg: ttyname failed: 
App 3004222 output: Inappropriate ioctl for device
App 3235793 output: mesg: ttyname failed: Inappropriate ioctl for device
App 3396557 output: mesg: ttyname failed: 
App 3396557 output: Inappropriate ioctl for device
App 3396734 output: mesg: ttyname failed: Inappropriate ioctl for device
App 3756211 output: mesg: ttyname failed
App 3756211 output: : Inappropriate ioctl for device
App 3851141 output: mesg: 
App 3851141 output: ttyname failed: Inappropriate ioctl for device
App 174540 output: mesg: ttyname failed: Inappropriate ioctl for device
App 307275 output: mesg: ttyname failed: Inappropriate ioctl for device
App 392014 output: mesg: ttyname failed: Inappropriate ioctl for device
App 417567 output: mesg: ttyname failed: Inappropriate ioctl for device
App 423052 output: mesg: ttyname failed: Inappropriate ioctl for device
App 424935 output: mesg: ttyname failed: 
App 424935 output: Inappropriate ioctl for device
App 584540 output: mesg: ttyname failed: 
App 584540 output: Inappropriate ioctl for device
App 780057 output: mesg: ttyname failed: 
App 780057 output: Inappropriate ioctl for device
App 1042194 output: mesg: ttyname failed: 
App 1042194 output: Inappropriate ioctl for device
App 1042370 output: mesg: ttyname failed: 
App 1042370 output: Inappropriate ioctl for device
App 1075476 output: mesg: ttyname failed: Inappropriate ioctl for device
App 1168669 output: mesg: ttyname failed: 
App 1168669 output: Inappropriate ioctl for device
App 1523112 output: mesg: ttyname failed: 
App 1523112 output: Inappropriate ioctl for device
App 1948694 output: mesg: ttyname failed: Inappropriate ioctl for device
App 2365173 output: mesg: ttyname failed: Inappropriate ioctl for device
App 2531292 output: mesg: ttyname failed: Inappropriate ioctl for device
App 2611708 output: mesg: ttyname failed: Inappropriate ioctl for device
App 3032156 output: mesg: ttyname failed: 
App 3032156 output: Inappropriate ioctl for device
App 3585674 output: mesg: ttyname failed: 
App 3585674 output: Inappropriate ioctl for device
App 4022192 output: mesg: ttyname failed: Inappropriate ioctl for device
App 4128104 output: mesg: ttyname failed: Inappropriate ioctl for device
App 506316 output: mesg: ttyname failed: Inappropriate ioctl for device
App 909985 output: mesg: ttyname failed: Inappropriate ioctl for device
App 3888482 output: mesg: ttyname failed: Inappropriate ioctl for device
App 3888687 output: mesg: ttyname failed: 
App 3888687 output: Inappropriate ioctl for device
App 782487 output: mesg: ttyname failed: Inappropriate ioctl for device
App 925204 output: mesg: ttyname failed: 
App 925204 output: Inappropriate ioctl for device
App 2095184 output: mesg: ttyname failed: Inappropriate ioctl for device
App 2274536 output: mesg: ttyname failed: Inappropriate ioctl for device
App 2834259 output: mesg: ttyname failed: 
App 2834259 output: Inappropriate ioctl for device
App 2967074 output: mesg: ttyname failed: Inappropriate ioctl for device
App 3095626 output: mesg: ttyname failed: Inappropriate ioctl for device
App 3850053 output: mesg: ttyname failed: Inappropriate ioctl for device
App 3949854 output: mesg: ttyname failed: Inappropriate ioctl for device
App 4028243 output: mesg: ttyname failed: Inappropriate ioctl for device
App 4100926 output: mesg: ttyname failed: Inappropriate ioctl for device
App 283648 output: mesg: ttyname failed: Inappropriate ioctl for device
App 641946 output: mesg: ttyname failed: Inappropriate ioctl for device
App 832474 output: mesg: ttyname failed: Inappropriate ioctl for device
App 969448 output: mesg: ttyname failed: Inappropriate ioctl for device
App 1154633 output: mesg: ttyname failed: 
App 1154633 output: Inappropriate ioctl for device
App 1269620 output: mesg: ttyname failed: Inappropriate ioctl for device
App 1344295 output: mesg: ttyname failed: Inappropriate ioctl for device
App 1460111 output: mesg: ttyname failed: Inappropriate ioctl for device
App 1777449 output: mesg: ttyname failed: Inappropriate ioctl for device
App 2235579 output: mesg: ttyname failed: 
App 2235579 output: Inappropriate ioctl for device
App 2366474 output: mesg: ttyname failed: 
App 2366474 output: Inappropriate ioctl for device
App 3021841 output: mesg: ttyname failed: Inappropriate ioctl for device
App 3214215 output: mesg: ttyname failed: Inappropriate ioctl for device
App 3288046 output: mesg: ttyname failed: 
App 3288046 output: Inappropriate ioctl for device
App 3445249 output: mesg: ttyname failed: 
App 3445249 output: Inappropriate ioctl for device
App 3445379 output: mesg: ttyname failed: 
App 3445379 output: Inappropriate ioctl for device
App 3449317 output: mesg: ttyname failed: Inappropriate ioctl for device
App 3449578 output: mesg: ttyname failed: 
App 3449578 output: Inappropriate ioctl for device
App 3451622 output: mesg: ttyname failed: 
App 3451622 output: Inappropriate ioctl for device
App 3457057 output: mesg: ttyname failed: Inappropriate ioctl for device
App 3457278 output: mesg: ttyname failed: Inappropriate ioctl for device
App 3460095 output: mesg: ttyname failed: 
App 3460095 output: Inappropriate ioctl for device
App 3505611 output: mesg: ttyname failed: Inappropriate ioctl for device
App 3519155 output: mesg: ttyname failed: Inappropriate ioctl for device
App 3519440 output: mesg: ttyname failed: 
App 3519440 output: Inappropriate ioctl for device
App 3535000 output: mesg: ttyname failed: 
App 3535000 output: Inappropriate ioctl for device
App 3535678 output: mesg: ttyname failed: Inappropriate ioctl for device
App 3538703 output: mesg: ttyname failed: 
App 3538703 output: Inappropriate ioctl for device
App 3606094 output: mesg: ttyname failed: Inappropriate ioctl for device
App 3770123 output: mesg: ttyname failed: Inappropriate ioctl for device
App 326138 output: mesg: ttyname failed: Inappropriate ioctl for device
App 503245 output: mesg: ttyname failed: Inappropriate ioctl for device
App 789945 output: mesg: ttyname failed: Inappropriate ioctl for device
App 1215698 output: mesg: ttyname failed: Inappropriate ioctl for device
App 1817740 output: mesg: 
App 1817740 output: ttyname failed: Inappropriate ioctl for device
App 2293733 output: mesg: 
App 2293733 output: ttyname failed: Inappropriate ioctl for device
App 3033493 output: mesg: ttyname failed: Inappropriate ioctl for device
App 3672909 output: mesg: ttyname failed: 
App 3672909 output: Inappropriate ioctl for device
App 2213542 output: mesg: ttyname failed: Inappropriate ioctl for device
App 3999637 output: mesg: ttyname failed: 
App 3999637 output: Inappropriate ioctl for device
App 2015719 output: mesg: ttyname failed: Inappropriate ioctl for device
App 2633678 output: mesg: ttyname failed: 
App 2633678 output: Inappropriate ioctl for device
App 3402002 output: mesg: ttyname failed: Inappropriate ioctl for device
App 441837 output: mesg: ttyname failed: Inappropriate ioctl for device
App 1891957 output: mesg: ttyname failed: Inappropriate ioctl for device
App 1940947 output: mesg: ttyname failed: 
App 1940947 output: Inappropriate ioctl for device
App 2537802 output: mesg: ttyname failed: Inappropriate ioctl for device
App 2659614 output: mesg: ttyname failed: Inappropriate ioctl for device
App 2660618 output: mesg: ttyname failed: Inappropriate ioctl for device
App 2694650 output: mesg: ttyname failed: Inappropriate ioctl for device
App 2794948 output: mesg: ttyname failed: Inappropriate ioctl for device
App 2860972 output: mesg: ttyname failed: 
App 2860972 output: Inappropriate ioctl for device
App 3044284 output: mesg: ttyname failed: Inappropriate ioctl for device
App 3541033 output: mesg: ttyname failed: 
App 3541033 output: Inappropriate ioctl for device
App 4056686 output: mesg: ttyname failed: Inappropriate ioctl for device
App 268516 output: mesg: ttyname failed: Inappropriate ioctl for device
App 380057 output: mesg: ttyname failed: 
App 380057 output: Inappropriate ioctl for device
App 975031 output: mesg: ttyname failed: 
App 975031 output: Inappropriate ioctl for device
App 1131182 output: mesg: ttyname failed: 
App 1131182 output: Inappropriate ioctl for device
App 1292587 output: mesg: ttyname failed: 
App 1292587 output: Inappropriate ioctl for device
App 1878937 output: mesg: ttyname failed: Inappropriate ioctl for device
App 2217501 output: mesg: ttyname failed: Inappropriate ioctl for device
App 2347984 output: mesg: ttyname failed: 
App 2347984 output: Inappropriate ioctl for device
App 2805370 output: mesg: ttyname failed: Inappropriate ioctl for device
App 3462761 output: mesg: ttyname failed: Inappropriate ioctl for device
App 3833478 output: mesg: ttyname failed: Inappropriate ioctl for device
App 3950469 output: mesg: ttyname failed: 
App 3950469 output: Inappropriate ioctl for device
App 357348 output: mesg: ttyname failed: 
App 357348 output: Inappropriate ioctl for device
App 2551204 output: mesg: 
App 2551204 output: ttyname failed: Inappropriate ioctl for device
App 460992 output: mesg: ttyname failed: 
App 460992 output: Inappropriate ioctl for device
App 1939682 output: mesg: ttyname failed: 
App 1939682 output: Inappropriate ioctl for device
App 3161506 output: mesg: 
App 3161506 output: ttyname failed: Inappropriate ioctl for device
App 689495 output: mesg: ttyname failed: 
App 689495 output: Inappropriate ioctl for device
App 939255 output: mesg: ttyname failed: 
App 939255 output: Inappropriate ioctl for device
App 1468650 output: mesg: ttyname failed: Inappropriate ioctl for device
App 1612595 output: mesg: ttyname failed: Inappropriate ioctl for device
App 2570700 output: mesg: ttyname failed: Inappropriate ioctl for device
App 2672778 output: mesg: ttyname failed: Inappropriate ioctl for device
App 3483703 output: mesg: ttyname failed: Inappropriate ioctl for device
App 3637029 output: mesg: ttyname failed: Inappropriate ioctl for device
App 3645511 output: mesg: ttyname failed: 
App 3645511 output: Inappropriate ioctl for device
App 3650930 output: mesg: ttyname failed: 
App 3650930 output: Inappropriate ioctl for device
App 4017777 output: mesg: ttyname failed: Inappropriate ioctl for device
App 4025456 output: mesg: ttyname failed: 
App 4025456 output: Inappropriate ioctl for device
App 4025652 output: mesg: ttyname failed: 
App 4025652 output: Inappropriate ioctl for device
App 94812 output: mesg: ttyname failed: Inappropriate ioctl for device
App 297745 output: mesg: ttyname failed: Inappropriate ioctl for device
App 405104 output: mesg: ttyname failed: 
App 405104 output: Inappropriate ioctl for device
App 872733 output: mesg: ttyname failed: Inappropriate ioctl for device
App 1453186 output: mesg: ttyname failed: 
App 1453186 output: Inappropriate ioctl for device
App 1853505 output: mesg: ttyname failed: Inappropriate ioctl for device
App 1941208 output: mesg: ttyname failed: 
App 1941208 output: Inappropriate ioctl for device
App 2059867 output: mesg: ttyname failed: 
App 2059867 output: Inappropriate ioctl for device
App 2545009 output: mesg: ttyname failed
App 2545009 output: : Inappropriate ioctl for device
App 2912554 output: mesg: ttyname failed: Inappropriate ioctl for device
App 2912758 output: mesg: ttyname failed: 
App 2912758 output: Inappropriate ioctl for device
App 2966813 output: mesg: ttyname failed: 
App 2966813 output: Inappropriate ioctl for device
App 3140001 output: mesg: ttyname failed: Inappropriate ioctl for device
App 3721030 output: mesg: ttyname failed: Inappropriate ioctl for device
App 120926 output: mesg: ttyname failed: 
App 120926 output: Inappropriate ioctl for device
App 648800 output: mesg: ttyname failed: 
App 648800 output: Inappropriate ioctl for device
App 769424 output: mesg: ttyname failed: 
App 769424 output: Inappropriate ioctl for device
App 1121135 output: mesg: ttyname failed: Inappropriate ioctl for device
App 1238356 output: mesg: ttyname failed: 
App 1238356 output: Inappropriate ioctl for device
App 1804883 output: mesg: ttyname failed: Inappropriate ioctl for device
App 1926597 output: mesg: ttyname failed: Inappropriate ioctl for device
App 2403278 output: mesg: ttyname failed: 
App 2403278 output: Inappropriate ioctl for device
App 415966 output: mesg: ttyname failed: 
App 415966 output: Inappropriate ioctl for device
App 1806133 output: mesg: ttyname failed: Inappropriate ioctl for device
App 375679 output: mesg: ttyname failed: 
App 375679 output: Inappropriate ioctl for device
App 582414 output: mesg: ttyname failed: 
App 582414 output: Inappropriate ioctl for device
App 2093573 output: mesg: ttyname failed: Inappropriate ioctl for device
App 2269994 output: mesg: ttyname failed: Inappropriate ioctl for device
App 2946125 output: mesg: ttyname failed: Inappropriate ioctl for device
App 3077657 output: mesg: ttyname failed: Inappropriate ioctl for device
App 3945170 output: mesg: ttyname failed: 
App 3945170 output: Inappropriate ioctl for device
App 4067495 output: mesg: ttyname failed: Inappropriate ioctl for device
App 337503 output: mesg: ttyname failed: Inappropriate ioctl for device
App 421206 output: mesg: ttyname failed: 
App 421206 output: Inappropriate ioctl for device
App 784033 output: mesg: ttyname failed: Inappropriate ioctl for device
App 965236 output: mesg: ttyname failed: Inappropriate ioctl for device
App 1097744 output: mesg: ttyname failed: Inappropriate ioctl for device
App 1261875 output: mesg: ttyname failed: Inappropriate ioctl for device
App 1567711 output: mesg: ttyname failed: Inappropriate ioctl for device
App 1941536 output: mesg: ttyname failed: 
App 1941536 output: Inappropriate ioctl for device
App 40296 output: mesg: ttyname failed: Inappropriate ioctl for device
App 122011 output: mesg: ttyname failed: 
App 122011 output: Inappropriate ioctl for device
App 323388 output: mesg: ttyname failed: 
App 323388 output: Inappropriate ioctl for device
App 356031 output: mesg: ttyname failed: Inappropriate ioctl for device
App 356447 output: mesg: ttyname failed: 
App 356447 output: Inappropriate ioctl for device
App 363772 output: mesg: ttyname failed: Inappropriate ioctl for device
App 363945 output: mesg: ttyname failed: 
App 363945 output: Inappropriate ioctl for device
App 367302 output: mesg: ttyname failed: 
App 367302 output: Inappropriate ioctl for device
App 490086 output: mesg: ttyname failed: 
App 490086 output: Inappropriate ioctl for device
App 490432 output: mesg: ttyname failed: Inappropriate ioctl for device
App 490634 output: mesg: ttyname failed: Inappropriate ioctl for device
App 528911 output: mesg: ttyname failed: 
App 528911 output: Inappropriate ioctl for device
App 607290 output: mesg: ttyname failed: Inappropriate ioctl for device
App 1093579 output: mesg: ttyname failed: Inappropriate ioctl for device
App 1239973 output: mesg: ttyname failed: Inappropriate ioctl for device
App 2265261 output: mesg: ttyname failed: 
App 2265261 output: Inappropriate ioctl for device
App 2617652 output: mesg: ttyname failed: Inappropriate ioctl for device
App 3895897 output: mesg: ttyname failed: 
App 3895897 output: Inappropriate ioctl for device
App 3974804 output: mesg: ttyname failed: Inappropriate ioctl for device
App 38231 output: mesg: ttyname failed: Inappropriate ioctl for device
App 156602 output: mesg: ttyname failed: Inappropriate ioctl for device
App 749872 output: mesg: ttyname failed: Inappropriate ioctl for device
App 885002 output: mesg: ttyname failed: Inappropriate ioctl for device
App 3607453 output: mesg: ttyname failed: 
App 3607453 output: Inappropriate ioctl for device
App 3437550 output: mesg: ttyname failed: 
App 3437550 output: Inappropriate ioctl for device
App 3622793 output: mesg: ttyname failed: 
App 3622793 output: Inappropriate ioctl for device
App 458813 output: mesg: ttyname failed: 
App 458813 output: Inappropriate ioctl for device
App 1281964 output: mesg: ttyname failed: Inappropriate ioctl for device
App 2057674 output: mesg: ttyname failed: Inappropriate ioctl for device
App 2142298 output: mesg: ttyname failed: 
App 2142298 output: Inappropriate ioctl for device
App 2928509 output: mesg: ttyname failed: 
App 2928509 output: Inappropriate ioctl for device
App 2949411 output: mesg: ttyname failed: 
App 2949411 output: Inappropriate ioctl for device
App 2949741 output: mesg: ttyname failed: 
App 2949741 output: Inappropriate ioctl for device
App 2950388 output: mesg: ttyname failed: Inappropriate ioctl for device
App 3161979 output: mesg: ttyname failed: 
App 3161979 output: Inappropriate ioctl for device
App 3211067 output: mesg: ttyname failed: Inappropriate ioctl for device
App 3211711 output: mesg: ttyname failed: 
App 3211711 output: Inappropriate ioctl for device
App 3211981 output: mesg: ttyname failed: 
App 3211981 output: Inappropriate ioctl for device
App 3265852 output: mesg: ttyname failed: 
App 3265852 output: Inappropriate ioctl for device
App 3266714 output: mesg: ttyname failed: 
App 3266714 output: Inappropriate ioctl for device
App 3319839 output: mesg: ttyname failed: 
App 3319839 output: Inappropriate ioctl for device
App 3599654 output: mesg: ttyname failed: 
App 3599654 output: Inappropriate ioctl for device
App 3796127 output: mesg: ttyname failed: 
App 3796127 output: Inappropriate ioctl for device
App 64856 output: mesg: ttyname failed: Inappropriate ioctl for device
App 249470 output: mesg: ttyname failed: Inappropriate ioctl for device
App 375986 output: mesg: ttyname failed: Inappropriate ioctl for device
App 856127 output: mesg: ttyname failed: Inappropriate ioctl for device
App 1499630 output: mesg: ttyname failed: Inappropriate ioctl for device
App 1649112 output: mesg: ttyname failed: 
App 1649112 output: Inappropriate ioctl for device
App 1724822 output: mesg: ttyname failed: Inappropriate ioctl for device
App 1960584 output: mesg: ttyname failed: Inappropriate ioctl for device
App 2071514 output: mesg: ttyname failed: Inappropriate ioctl for device
App 2180119 output: mesg: ttyname failed: 
App 2180119 output: Inappropriate ioctl for device
App 2588353 output: mesg: ttyname failed: Inappropriate ioctl for device
App 2822561 output: mesg: ttyname failed: Inappropriate ioctl for device
App 3776466 output: mesg: ttyname failed: 
App 3776466 output: Inappropriate ioctl for device
App 95642 output: mesg: ttyname failed: 
App 95642 output: Inappropriate ioctl for device
App 253057 output: mesg: ttyname failed: 
App 253057 output: Inappropriate ioctl for device
App 765598 output: mesg: ttyname failed: Inappropriate ioctl for device
App 875559 output: mesg: ttyname failed: 
App 875559 output: Inappropriate ioctl for device
App 1147647 output: mesg: ttyname failed: 
App 1147647 output: Inappropriate ioctl for device
App 1367359 output: mesg: ttyname failed: 
App 1367359 output: Inappropriate ioctl for device
App 1801495 output: mesg: ttyname failed: Inappropriate ioctl for device
App 1906281 output: mesg: ttyname failed: 
App 1906281 output: Inappropriate ioctl for device
App 2413840 output: mesg: ttyname failed: Inappropriate ioctl for device
App 2499198 output: mesg: ttyname failed: 
App 2499198 output: Inappropriate ioctl for device
App 2680179 output: mesg: ttyname failed: 
App 2680179 output: Inappropriate ioctl for device
App 2858528 output: mesg: ttyname failed: Inappropriate ioctl for device
App 3413183 output: mesg: ttyname failed: 
App 3413183 output: Inappropriate ioctl for device
App 741837 output: mesg: ttyname failed: 
App 741837 output: Inappropriate ioctl for device
App 741953 output: mesg: ttyname failed: Inappropriate ioctl for device
App 1004346 output: mesg: ttyname failed: Inappropriate ioctl for device
App 1209269 output: mesg: ttyname failed: Inappropriate ioctl for device
App 1672693 output: mesg: ttyname failed: Inappropriate ioctl for device
App 1907295 output: mesg: ttyname failed: 
App 1907295 output: Inappropriate ioctl for device
App 2056694 output: mesg: ttyname failed: Inappropriate ioctl for device
App 2891680 output: mesg: ttyname failed: Inappropriate ioctl for device
App 430117 output: mesg: ttyname failed: Inappropriate ioctl for device
App 531398 output: mesg: ttyname failed: Inappropriate ioctl for device
App 982018 output: mesg: ttyname failed: 
App 982018 output: Inappropriate ioctl for device
App 1410632 output: mesg: ttyname failed: Inappropriate ioctl for device
App 1560499 output: mesg: ttyname failed: Inappropriate ioctl for device
App 2100317 output: mesg: ttyname failed: 
App 2100317 output: Inappropriate ioctl for device
App 2672270 output: mesg: ttyname failed: Inappropriate ioctl for device
App 2784272 output: mesg: ttyname failed: Inappropriate ioctl for device
App 3058597 output: mesg: ttyname failed: Inappropriate ioctl for device
App 3132616 output: mesg: ttyname failed: Inappropriate ioctl for device
App 3246029 output: mesg: ttyname failed: Inappropriate ioctl for device
App 3884582 output: mesg: ttyname failed: Inappropriate ioctl for device
App 4014130 output: mesg: ttyname failed: Inappropriate ioctl for device
App 377871 output: mesg: ttyname failed: Inappropriate ioctl for device
App 513004 output: mesg: ttyname failed: Inappropriate ioctl for device
App 660843 output: mesg: ttyname failed: Inappropriate ioctl for device
App 942022 output: mesg: ttyname failed: Inappropriate ioctl for device
App 1186282 output: mesg: ttyname failed: 
App 1186282 output: Inappropriate ioctl for device
App 1381941 output: mesg: ttyname failed: 
App 1381941 output: Inappropriate ioctl for device
App 1672761 output: mesg: ttyname failed: Inappropriate ioctl for device
App 1939296 output: mesg: ttyname failed: Inappropriate ioctl for device
App 2030780 output: mesg: ttyname failed: 
App 2030780 output: Inappropriate ioctl for device
App 2184795 output: mesg: ttyname failed: Inappropriate ioctl for device
App 2697299 output: mesg: ttyname failed: 
App 2697299 output: Inappropriate ioctl for device
App 3189179 output: mesg: ttyname failed: Inappropriate ioctl for device
App 3307441 output: mesg: ttyname failed: 
App 3307441 output: Inappropriate ioctl for device
App 3613747 output: mesg: ttyname failed: 
App 3613747 output: Inappropriate ioctl for device
App 3927310 output: mesg: ttyname failed: Inappropriate ioctl for device
App 160330 output: mesg: ttyname failed: Inappropriate ioctl for device
App 729200 output: mesg: ttyname failed: 
App 729200 output: Inappropriate ioctl for device
App 1752921 output: mesg: ttyname failed: Inappropriate ioctl for device
App 3436543 output: mesg: ttyname failed: Inappropriate ioctl for device
App 2537151 output: mesg: ttyname failed: Inappropriate ioctl for device
App 2967449 output: mesg: ttyname failed: Inappropriate ioctl for device
App 3672074 output: mesg: ttyname failed: Inappropriate ioctl for device
App 4052910 output: mesg: ttyname failed: 
App 4052910 output: Inappropriate ioctl for device
App 613187 output: mesg: ttyname failed: 
App 613187 output: Inappropriate ioctl for device
App 839909 output: mesg: ttyname failed: 
App 839909 output: Inappropriate ioctl for device
App 1542506 output: mesg: ttyname failed: Inappropriate ioctl for device
App 1679148 output: mesg: ttyname failed: Inappropriate ioctl for device
App 2472232 output: mesg: ttyname failed: 
App 2472232 output: Inappropriate ioctl for device
App 2572717 output: mesg: ttyname failed: 
App 2572717 output: Inappropriate ioctl for device
App 2646297 output: mesg: ttyname failed
App 2646297 output: : Inappropriate ioctl for device
App 2980935 output: mesg: ttyname failed: 
App 2980935 output: Inappropriate ioctl for device
App 3085337 output: mesg: ttyname failed: 
App 3085337 output: Inappropriate ioctl for device
App 3410752 output: mesg: ttyname failed: Inappropriate ioctl for device
App 3570245 output: mesg: ttyname failed: Inappropriate ioctl for device
App 4128593 output: mesg: ttyname failed: Inappropriate ioctl for device
App 532497 output: mesg: ttyname failed: Inappropriate ioctl for device
App 1057316 output: mesg: ttyname failed: Inappropriate ioctl for device
App 1165690 output: mesg: ttyname failed: Inappropriate ioctl for device
App 1475890 output: mesg: ttyname failed: 
App 1475890 output: Inappropriate ioctl for device
App 1734350 output: mesg: ttyname failed: 
App 1734350 output: Inappropriate ioctl for device
App 1885287 output: mesg: ttyname failed: 
App 1885287 output: Inappropriate ioctl for device
App 2026946 output: mesg: ttyname failed: 
App 2026946 output: Inappropriate ioctl for device
App 2425548 output: mesg: ttyname failed: 
App 2425548 output: Inappropriate ioctl for device
App 2589672 output: mesg: ttyname failed: Inappropriate ioctl for device
App 3111055 output: mesg: ttyname failed: Inappropriate ioctl for device
App 3277740 output: mesg: ttyname failed: Inappropriate ioctl for device
App 3438584 output: mesg: ttyname failed: Inappropriate ioctl for device
App 698528 output: mesg: ttyname failed: Inappropriate ioctl for device
App 860107 output: mesg: ttyname failed: Inappropriate ioctl for device
App 1412019 output: mesg: ttyname failed: 
App 1412019 output: Inappropriate ioctl for device
App 2164955 output: mesg: ttyname failed: Inappropriate ioctl for device
App 2356296 output: mesg: ttyname failed: Inappropriate ioctl for device
App 2856636 output: mesg: ttyname failed: Inappropriate ioctl for device
App 4103417 output: mesg: ttyname failed: 
App 4103417 output: Inappropriate ioctl for device
App 3708235 output: mesg: ttyname failed: 
App 3708235 output: Inappropriate ioctl for device
App 730296 output: mesg: ttyname failed: 
App 730296 output: Inappropriate ioctl for device
App 918016 output: mesg: ttyname failed: 
App 918016 output: Inappropriate ioctl for device
App 2825435 output: mesg: ttyname failed: 
App 2825435 output: Inappropriate ioctl for device
App 3613941 output: mesg: ttyname failed: 
App 3613941 output: Inappropriate ioctl for device
App 3614537 output: mesg: ttyname failed: 
App 3614537 output: Inappropriate ioctl for device
App 3614686 output: mesg: ttyname failed: 
App 3614686 output: Inappropriate ioctl for device
App 3614865 output: mesg: ttyname failed: 
App 3614865 output: Inappropriate ioctl for device
App 3947176 output: mesg: ttyname failed: 
App 3947176 output: Inappropriate ioctl for device
App 758080 output: mesg: ttyname failed: Inappropriate ioctl for device
App 1630742 output: mesg: ttyname failed: Inappropriate ioctl for device
App 2189688 output: mesg: ttyname failed: 
App 2189688 output: Inappropriate ioctl for device
App 2371839 output: mesg: ttyname failed: Inappropriate ioctl for device
App 3409931 output: mesg: ttyname failed: 
App 3409931 output: Inappropriate ioctl for device
App 3703819 output: mesg: ttyname failed: 
App 3703819 output: Inappropriate ioctl for device
App 3846910 output: mesg: ttyname failed: 
App 3846910 output: Inappropriate ioctl for device
App 3998947 output: mesg: ttyname failed: Inappropriate ioctl for device
App 4113312 output: mesg: ttyname failed: Inappropriate ioctl for device
App 558479 output: mesg: ttyname failed: Inappropriate ioctl for device
App 758992 output: mesg: ttyname failed: Inappropriate ioctl for device
App 1022225 output: mesg: ttyname failed: Inappropriate ioctl for device
App 1543983 output: mesg: ttyname failed: Inappropriate ioctl for device
App 1697207 output: mesg: ttyname failed: Inappropriate ioctl for device
App 2345476 output: mesg: ttyname failed: 
App 2345476 output: Inappropriate ioctl for device
App 2923143 output: mesg: ttyname failed: Inappropriate ioctl for device
App 3521434 output: mesg: ttyname failed: Inappropriate ioctl for device
App 3645234 output: mesg: ttyname failed: Inappropriate ioctl for device
App 204663 output: mesg: ttyname failed: Inappropriate ioctl for device
App 396942 output: mesg: ttyname failed: Inappropriate ioctl for device
App 1032652 output: mesg: ttyname failed: Inappropriate ioctl for device
App 2231559 output: mesg: 
App 2231559 output: ttyname failed: Inappropriate ioctl for device
App 3509635 output: mesg: ttyname failed: 
App 3509635 output: Inappropriate ioctl for device
App 87945 output: mesg: ttyname failed: Inappropriate ioctl for device
App 1290493 output: mesg: ttyname failed: Inappropriate ioctl for device
App 2190351 output: mesg: ttyname failed: 
App 2190351 output: Inappropriate ioctl for device
App 3247523 output: mesg: ttyname failed: Inappropriate ioctl for device
App 3666564 output: mesg: ttyname failed: 
App 3666564 output: Inappropriate ioctl for device
App 3923156 output: mesg: 
App 3923156 output: ttyname failed: Inappropriate ioctl for device
App 4107967 output: mesg: ttyname failed: Inappropriate ioctl for device
App 439413 output: mesg: ttyname failed: Inappropriate ioctl for device
App 1086373 output: mesg: ttyname failed: Inappropriate ioctl for device
App 1700279 output: mesg: ttyname failed: Inappropriate ioctl for device
App 1806897 output: mesg: ttyname failed: Inappropriate ioctl for device
App 2559476 output: mesg: ttyname failed: Inappropriate ioctl for device
App 2934672 output: mesg: ttyname failed: 
App 2934672 output: Inappropriate ioctl for device
App 3057651 output: mesg: ttyname failed: Inappropriate ioctl for device
App 3154408 output: mesg: ttyname failed: 
App 3154408 output: Inappropriate ioctl for device
